<?xml version="1.0" encoding="UTF-8"?>
<!-- Generated by org.testng.reporters.JUnitXMLReporter -->
<testsuite ignored="0" hostname="LAPTOP-FikileM" failures="0" tests="5" name="Default test" time="274.081" errors="0" timestamp="2021-11-18T17:15:49 SAST">
  <testcase classname="TestScript.ExecuteTests" name="CalculateMonthlyInstalment" time="87.004"/>
  <testcase classname="TestScript.ExecuteTests" name="CalculatePersonalLoans" time="49.385"/>
  <testcase classname="TestScript.ExecuteTests" name="ValidateLoanRepayment" time="92.293"/>
  <testcase classname="TestScript.ExecuteTests" name="VerifyMainPage" time="9.131"/>
  <testcase classname="TestScript.ExecuteTests" name="VerifyPersonalLoanPage" time="15.029"/>
</testsuite> <!-- Default test -->
