<?xml version="1.0" encoding="UTF-8"?>
<testng-results ignored="0" total="5" passed="5" failed="0" skipped="0">
  <reporter-output>
  </reporter-output>
  <suite started-at="2021-11-18T17:11:15 SAST" name="Default suite" finished-at="2021-11-18T17:15:49 SAST" duration-ms="274081">
    <groups>
    </groups>
    <test started-at="2021-11-18T17:11:15 SAST" name="Default test" finished-at="2021-11-18T17:15:49 SAST" duration-ms="274081">
      <class name="TestScript.ExecuteTests">
        <test-method is-config="true" signature="ReportInitialazation()[pri:0, instance:TestScript.ExecuteTests@15bbf42f]" started-at="2021-11-18T17:11:15 SAST" name="ReportInitialazation" finished-at="2021-11-18T17:11:15 SAST" duration-ms="173" status="PASS">
          <reporter-output>
          </reporter-output>
        </test-method> <!-- ReportInitialazation -->
        <test-method signature="CalculateMonthlyInstalment()[pri:0, instance:TestScript.ExecuteTests@15bbf42f]" started-at="2021-11-18T17:11:15 SAST" name="CalculateMonthlyInstalment" finished-at="2021-11-18T17:12:42 SAST" duration-ms="87004" status="PASS">
          <reporter-output>
          </reporter-output>
        </test-method> <!-- CalculateMonthlyInstalment -->
        <test-method is-config="true" signature="close()[pri:0, instance:TestScript.ExecuteTests@15bbf42f]" started-at="2021-11-18T17:12:42 SAST" name="close" finished-at="2021-11-18T17:12:46 SAST" duration-ms="4307" status="PASS">
          <reporter-output>
          </reporter-output>
        </test-method> <!-- close -->
        <test-method signature="CalculatePersonalLoans()[pri:0, instance:TestScript.ExecuteTests@15bbf42f]" started-at="2021-11-18T17:12:46 SAST" name="CalculatePersonalLoans" finished-at="2021-11-18T17:13:36 SAST" duration-ms="49385" status="PASS">
          <reporter-output>
          </reporter-output>
        </test-method> <!-- CalculatePersonalLoans -->
        <test-method is-config="true" signature="close()[pri:0, instance:TestScript.ExecuteTests@15bbf42f]" started-at="2021-11-18T17:13:36 SAST" name="close" finished-at="2021-11-18T17:13:40 SAST" duration-ms="4190" status="PASS">
          <reporter-output>
          </reporter-output>
        </test-method> <!-- close -->
        <test-method signature="ValidateLoanRepayment()[pri:0, instance:TestScript.ExecuteTests@15bbf42f]" started-at="2021-11-18T17:13:40 SAST" name="ValidateLoanRepayment" finished-at="2021-11-18T17:15:12 SAST" duration-ms="92293" status="PASS">
          <reporter-output>
          </reporter-output>
        </test-method> <!-- ValidateLoanRepayment -->
        <test-method is-config="true" signature="close()[pri:0, instance:TestScript.ExecuteTests@15bbf42f]" started-at="2021-11-18T17:15:12 SAST" name="close" finished-at="2021-11-18T17:15:16 SAST" duration-ms="4167" status="PASS">
          <reporter-output>
          </reporter-output>
        </test-method> <!-- close -->
        <test-method signature="VerifyMainPage()[pri:0, instance:TestScript.ExecuteTests@15bbf42f]" started-at="2021-11-18T17:15:16 SAST" name="VerifyMainPage" finished-at="2021-11-18T17:15:26 SAST" duration-ms="9131" status="PASS">
          <reporter-output>
          </reporter-output>
        </test-method> <!-- VerifyMainPage -->
        <test-method is-config="true" signature="close()[pri:0, instance:TestScript.ExecuteTests@15bbf42f]" started-at="2021-11-18T17:15:26 SAST" name="close" finished-at="2021-11-18T17:15:30 SAST" duration-ms="4177" status="PASS">
          <reporter-output>
          </reporter-output>
        </test-method> <!-- close -->
        <test-method signature="VerifyPersonalLoanPage()[pri:0, instance:TestScript.ExecuteTests@15bbf42f]" started-at="2021-11-18T17:15:30 SAST" name="VerifyPersonalLoanPage" finished-at="2021-11-18T17:15:45 SAST" duration-ms="15029" status="PASS">
          <reporter-output>
          </reporter-output>
        </test-method> <!-- VerifyPersonalLoanPage -->
        <test-method is-config="true" signature="close()[pri:0, instance:TestScript.ExecuteTests@15bbf42f]" started-at="2021-11-18T17:15:45 SAST" name="close" finished-at="2021-11-18T17:15:49 SAST" duration-ms="4189" status="PASS">
          <reporter-output>
          </reporter-output>
        </test-method> <!-- close -->
      </class> <!-- TestScript.ExecuteTests -->
    </test> <!-- Default test -->
  </suite> <!-- Default suite -->
</testng-results>
